[+] Containers:
 |- [+] Container: /Game/ChrisStuff/TestMap/TestMap
 |   |- [+] ActorDescs:
 |   |   |- Guid:080E349F411121163AD6A4AB005DE87F BaseClass: NativeClass:/Script/Engine.StaticMeshActor Name:StaticMeshActor_21 Label:SM_QuarterCylinder3 SpatiallyLoaded:1 Bounds:IsValid=true, Min=(X=1500.000 Y=2200.000 Z=0.000), Max=(X=1600.000 Y=2300.000 Z=200.000) RuntimeGrid:None EditorOnly:0 RuntimeOnly:0 HLODRelevant:1 FolderPath:Block01 FolderGuid:7D23E5AE4C2A421F86AF6986D87E6D05
 |   |   |- Guid:0F201A094C551170EE3906942EEC4257 BaseClass: NativeClass:/Script/Engine.StaticMeshActor Name:StaticMeshActor_4 Label:SM_Cube6 SpatiallyLoaded:1 Bounds:IsValid=true, Min=(X=2900.000 Y=100.000 Z=0.000), Max=(X=3000.000 Y=3400.000 Z=400.000) RuntimeGrid:None EditorOnly:0 RuntimeOnly:0 HLODRelevant:1 FolderPath:Playground FolderGuid:C73F09FC4215536B1DCE2A9E0A830C70
 |   |   |- Guid:13917E6D4FF59C8FD80E79A35196C052 BaseClass: NativeClass:/Script/Engine.StaticMeshActor Name:StaticMeshActor_15 Label:SM_Cube10 SpatiallyLoaded:1 Bounds:IsValid=true, Min=(X=1800.000 Y=2100.000 Z=100.000), Max=(X=2000.000 Y=2200.000 Z=200.000) RuntimeGrid:None EditorOnly:0 RuntimeOnly:0 HLODRelevant:1 FolderPath:Block01 FolderGuid:7D23E5AE4C2A421F86AF6986D87E6D05
 |   |   |- Guid:1675E4F1478E70B49A9694A17DFE8041 BaseClass: NativeClass:/Script/Engine.ExponentialHeightFog Name:ExponentialHeightFog_0 Label:ExponentialHeightFog SpatiallyLoaded:0 Bounds:IsValid=true, Min=(X=-5600.000 Y=-50.000 Z=-6850.000), Max=(X=-5600.000 Y=-50.000 Z=-6850.000) RuntimeGrid:None EditorOnly:0 RuntimeOnly:0 HLODRelevant:0 FolderPath:Lighting FolderGuid:963EC3EB4002CCE9759E2EBA541A873A
 |   |   |- Guid:17D966D44C6D50CEFDED36984045653C BaseClass: NativeClass:/Script/NavigationSystem.NavMeshBoundsVolume Name:NavMeshBoundsVolume_UAID_08BFB875508094CF01_1976603800 Label:NavMeshBoundsVolume SpatiallyLoaded:0 Bounds:IsValid=true, Min=(X=-70.000 Y=-1435.000 Z=-750.000), Max=(X=4130.000 Y=5215.000 Z=750.000) RuntimeGrid:None EditorOnly:0 RuntimeOnly:0 HLODRelevant:0
 |   |   |- Guid:1975268948A64AA0376682815D24D651 BaseClass:/Game/ChrisStuff/SpawnPoint.SpawnPoint_C NativeClass:/Script/Engine.Actor Name:SpawnPoint_C_UAID_04D4C404F1EC71D001_1226147699 Label:SpawnPoint3 SpatiallyLoaded:1 Bounds:IsValid=true, Min=(X=1836.000 Y=1476.000 Z=100.000), Max=(X=2044.000 Y=1684.000 Z=180.000) RuntimeGrid:None EditorOnly:0 RuntimeOnly:0 HLODRelevant:0
 |   |   |- Guid:1A20114D423FC1B810DEF5BA5A0ED58A BaseClass: NativeClass:/Script/Engine.DirectionalLight Name:DirectionalLight_0 Label:DirectionalLight SpatiallyLoaded:0 Bounds:IsValid=true, Min=(X=-4398046511104.000 Y=-4398046511104.000 Z=-4398046511104.000), Max=(X=4398046511104.000 Y=4398046511104.000 Z=4398046511104.000) RuntimeGrid:None EditorOnly:0 RuntimeOnly:0 HLODRelevant:0 FolderPath:Lighting FolderGuid:963EC3EB4002CCE9759E2EBA541A873A
 |   |   |- Guid:1EF3B7304F6BAEC218510AA4AB04A7AE BaseClass: NativeClass:/Script/Engine.StaticMeshActor Name:StaticMeshActor_9 Label:SM_Ramp2 SpatiallyLoaded:1 Bounds:IsValid=true, Min=(X=1400.000 Y=1500.000 Z=0.000), Max=(X=1800.000 Y=1700.000 Z=100.000) RuntimeGrid:None EditorOnly:0 RuntimeOnly:0 HLODRelevant:1 FolderPath:Block01 FolderGuid:7D23E5AE4C2A421F86AF6986D87E6D05
 |   |   |- Guid:1F651A384EDB23BF2A6942BED18771A5 BaseClass: NativeClass:/Script/Engine.TextRenderActor Name:TextRenderActor_1 Label:TextRenderActor SpatiallyLoaded:1 Bounds:IsValid=true, Min=(X=-0.100 Y=1100.000 Z=65.013), Max=(X=-0.100 Y=2392.308 Z=215.013) RuntimeGrid:None EditorOnly:0 RuntimeOnly:0 HLODRelevant:0
 |   |   |- Guid:312123EA4E01C46B55DCCFB3DEB4E069 BaseClass: NativeClass:/Script/Engine.StaticMeshActor Name:StaticMeshActor_UAID_04D4C404EDD2F3D201_1619169690 Label:SM_Cube19 SpatiallyLoaded:1 Bounds:IsValid=true, Min=(X=815.532 Y=2487.282 Z=0.000), Max=(X=829.331 Y=2958.359 Z=313.799) RuntimeGrid:None EditorOnly:0 RuntimeOnly:0 HLODRelevant:1 FolderPath:Playground FolderGuid:C73F09FC4215536B1DCE2A9E0A830C70
 |   |   |- Guid:358F85454DC81EAC4B5040920DB7AD52 BaseClass: NativeClass:/Script/Engine.StaticMeshActor Name:StaticMeshActor_8 Label:SM_Cube4 SpatiallyLoaded:1 Bounds:IsValid=true, Min=(X=1200.000 Y=1700.000 Z=0.000), Max=(X=1800.000 Y=2200.000 Z=200.000) RuntimeGrid:None EditorOnly:0 RuntimeOnly:0 HLODRelevant:1 FolderPath:Block01 FolderGuid:7D23E5AE4C2A421F86AF6986D87E6D05
 |   |   |- Guid:3931D83E4D7ED4F6263426948476FF4D BaseClass: NativeClass:/Script/Engine.StaticMeshActor Name:StaticMeshActor_2 Label:SM_ChamferCube SpatiallyLoaded:1 Bounds:IsValid=true, Min=(X=1100.000 Y=3170.000 Z=0.013), Max=(X=1200.000 Y=3270.000 Z=100.013) RuntimeGrid:None EditorOnly:0 RuntimeOnly:0 HLODRelevant:0
 |   |   |- Guid:3B3452344BA8A9817F229184E5F3A470 BaseClass: NativeClass:/Script/Engine.WorldDataLayers Name:WorldDataLayers Label:WorldDataLayers SpatiallyLoaded:0 Bounds:IsValid=true, Min=(X=0.000 Y=0.000 Z=0.000), Max=(X=0.000 Y=0.000 Z=0.000) RuntimeGrid:None EditorOnly:0 RuntimeOnly:0 HLODRelevant:0
 |   |   |- Guid:4B257BEA47D077742AC7AC995F43FCDC BaseClass: NativeClass:/Script/Engine.SkyLight Name:SkyLight_1 Label:SkyLight SpatiallyLoaded:0 Bounds:IsValid=true, Min=(X=0.000 Y=0.000 Z=690.000), Max=(X=0.000 Y=0.000 Z=690.000) RuntimeGrid:None EditorOnly:0 RuntimeOnly:0 HLODRelevant:0 FolderPath:Lighting FolderGuid:963EC3EB4002CCE9759E2EBA541A873A
 |   |   |- Guid:4C2D0EBD4F3834E34E34C99CCF860D02 BaseClass: NativeClass:/Script/Engine.StaticMeshActor Name:StaticMeshActor_1 Label:SM_Cube SpatiallyLoaded:1 Bounds:IsValid=true, Min=(X=0.000 Y=0.000 Z=-50.000), Max=(X=3000.000 Y=3500.000 Z=0.000) RuntimeGrid:None EditorOnly:0 RuntimeOnly:0 HLODRelevant:1 FolderPath:Playground FolderGuid:C73F09FC4215536B1DCE2A9E0A830C70
 |   |   |- Guid:51ADD0BF40A2A0831BBFB8AE12472132 BaseClass: NativeClass:/Script/Engine.StaticMeshActor Name:StaticMeshActor_11 Label:SM_ChamferCube3 SpatiallyLoaded:1 Bounds:IsValid=true, Min=(X=481.699 Y=2271.699 Z=0.013), Max=(X=618.301 Y=2408.301 Z=100.013) RuntimeGrid:None EditorOnly:0 RuntimeOnly:0 HLODRelevant:0
 |   |   |- Guid:554B3D5B4E324079ECFFAAB67C02D52B BaseClass:/Game/ChrisStuff/Barrier.Barrier_C NativeClass:/Script/Engine.Actor Name:Barrier_C_UAID_04D4C404EDD2F3D201_1361201687 Label:Barrier SpatiallyLoaded:1 Bounds:IsValid=true, Min=(X=300.227 Y=2364.585 Z=-132.920), Max=(X=943.765 Y=3008.123 Z=132.920) RuntimeGrid:None EditorOnly:0 RuntimeOnly:0 HLODRelevant:0
 |   |   |- Guid:56D94CFD4D219723955BAB99FF04AFF0 BaseClass: NativeClass:/Script/Engine.StaticMeshActor Name:StaticMeshActor_14 Label:SM_Ramp3 SpatiallyLoaded:1 Bounds:IsValid=true, Min=(X=1800.000 Y=1700.000 Z=100.000), Max=(X=2000.000 Y=2100.000 Z=200.000) RuntimeGrid:None EditorOnly:0 RuntimeOnly:0 HLODRelevant:1 FolderPath:Block01 FolderGuid:7D23E5AE4C2A421F86AF6986D87E6D05
 |   |   |- Guid:59CC18DA4FAAB97601BF49B4FC002448 BaseClass: NativeClass:/Script/Engine.TargetPoint Name:TargetPoint_UAID_04D4C404F1EC71D001_1142996698 Label:TargetPoint2 SpatiallyLoaded:1 Bounds:IsValid=true, Min=(X=2407.891 Y=2698.148 Z=-0.000), Max=(X=2407.891 Y=2698.148 Z=-0.000) RuntimeGrid:None EditorOnly:0 RuntimeOnly:0 HLODRelevant:0
 |   |   |- Guid:5A92C330491D26DB0CFA7F89E280125D BaseClass: NativeClass:/Script/Engine.StaticMeshActor Name:StaticMeshActor_UAID_A4AE111137DC5EFB00_1110535423 Label:SM_SkySphere SpatiallyLoaded:0 Bounds:IsValid=true, Min=(X=-1638400.000 Y=-1638400.000 Z=-1638400.000), Max=(X=1638400.000 Y=1638400.000 Z=1638400.000) RuntimeGrid:None EditorOnly:0 RuntimeOnly:0 HLODRelevant:1 FolderPath:Lighting FolderGuid:963EC3EB4002CCE9759E2EBA541A873A
 |   |   |- Guid:75387BDA46F97E0F3CF3B48D0DBCDF9B BaseClass: NativeClass:/Script/Engine.StaticMeshActor Name:StaticMeshActor_UAID_04D4C404F1EC5CD201_1678286111 Label:SM_Cube8 SpatiallyLoaded:1 Bounds:IsValid=true, Min=(X=850.000 Y=0.000 Z=0.000), Max=(X=2300.000 Y=100.000 Z=400.000) RuntimeGrid:None EditorOnly:0 RuntimeOnly:0 HLODRelevant:1 FolderPath:Playground FolderGuid:C73F09FC4215536B1DCE2A9E0A830C70
 |   |   |- Guid:79090EF747A62B6C792C5FB1D2B649CB BaseClass: NativeClass:/Script/Engine.PostProcessVolume Name:PostProcessVolume_0 Label:PostProcessVolume SpatiallyLoaded:0 Bounds:IsValid=true, Min=(X=0.000 Y=0.000 Z=400.000), Max=(X=200.000 Y=200.000 Z=600.000) RuntimeGrid:None EditorOnly:0 RuntimeOnly:0 HLODRelevant:0 FolderPath:Lighting FolderGuid:963EC3EB4002CCE9759E2EBA541A873A
 |   |   |- Guid:84A97F894C30BE28B6F9B7AFA17B55A9 BaseClass:/Game/ChrisStuff/AI/SpawnManager.SpawnManager_C NativeClass:/Script/Engine.Actor Name:SpawnManager_C_UAID_04D4C401432E16D101_1471925737 Label:SpawnManager SpatiallyLoaded:1 Bounds:IsValid=true, Min=(X=2210.000 Y=700.000 Z=100.000), Max=(X=2210.000 Y=700.000 Z=100.000) RuntimeGrid:None EditorOnly:0 RuntimeOnly:0 HLODRelevant:0
 |   |   |- Guid:8580F9BE4F71846A9D7D7C92D72865A2 BaseClass: NativeClass:/Script/NavigationSystem.RecastNavMesh Name:RecastNavMesh_UAID_08BFB875508094CF01-Default Label:RecastNavMesh-Default SpatiallyLoaded:0 Bounds:IsValid=true, Min=(X=0.000 Y=0.000 Z=0.000), Max=(X=0.000 Y=0.000 Z=0.000) RuntimeGrid:None EditorOnly:0 RuntimeOnly:0 HLODRelevant:0
 |   |   |- Guid:8A28D7E94684D11F6CAC84A141989A73 BaseClass: NativeClass:/Script/Engine.VolumetricCloud Name:VolumetricCloud_0 Label:VolumetricCloud SpatiallyLoaded:0 Bounds:IsValid=true, Min=(X=0.000 Y=0.000 Z=820.000), Max=(X=0.000 Y=0.000 Z=820.000) RuntimeGrid:None EditorOnly:0 RuntimeOnly:0 HLODRelevant:0 FolderPath:Lighting FolderGuid:963EC3EB4002CCE9759E2EBA541A873A
 |   |   |- Guid:8B18E3004BD386DBCD5356BB0C39EBE6 BaseClass: NativeClass:/Script/Engine.SkyAtmosphere Name:SkyAtmosphere_0 Label:SkyAtmosphere SpatiallyLoaded:0 Bounds:IsValid=true, Min=(X=0.000 Y=0.000 Z=1020.000), Max=(X=0.000 Y=0.000 Z=1020.000) RuntimeGrid:None EditorOnly:0 RuntimeOnly:0 HLODRelevant:0 FolderPath:Lighting FolderGuid:963EC3EB4002CCE9759E2EBA541A873A
 |   |   |- Guid:8E3A714C41E1D2D29360099A4C29FA9B BaseClass: NativeClass:/Script/Engine.StaticMeshActor Name:StaticMeshActor_0 Label:SM_Cube5 SpatiallyLoaded:1 Bounds:IsValid=true, Min=(X=-0.000 Y=100.000 Z=0.000), Max=(X=100.000 Y=3400.000 Z=400.000) RuntimeGrid:None EditorOnly:0 RuntimeOnly:0 HLODRelevant:1 FolderPath:Playground FolderGuid:C73F09FC4215536B1DCE2A9E0A830C70
 |   |   |- Guid:8F54D70C4EDBCA246539DA963035D359 BaseClass: NativeClass:/Script/Engine.TargetPoint Name:TargetPoint_UAID_04D4C404F1EC6CD001_1819533815 Label:TargetPoint SpatiallyLoaded:1 Bounds:IsValid=true, Min=(X=614.572 Y=2690.042 Z=0.000), Max=(X=614.572 Y=2690.042 Z=0.000) RuntimeGrid:None EditorOnly:0 RuntimeOnly:0 HLODRelevant:0
 |   |   |- Guid:9C12180E45E5D16EC5D1A19377E0550D BaseClass: NativeClass:/Script/Engine.StaticMeshActor Name:StaticMeshActor_10 Label:SM_ChamferCube2 SpatiallyLoaded:1 Bounds:IsValid=true, Min=(X=992.077 Y=2692.077 Z=0.013), Max=(X=1107.923 Y=2807.923 Z=100.013) RuntimeGrid:None EditorOnly:0 RuntimeOnly:0 HLODRelevant:0
 |   |   |- Guid:9DCE93F74BE5D40AC40B47894A11F004 BaseClass: NativeClass:/Script/Engine.StaticMeshActor Name:StaticMeshActor_25 Label:SM_QuarterCylinder6 SpatiallyLoaded:1 Bounds:IsValid=true, Min=(X=1200.000 Y=2200.000 Z=0.000), Max=(X=1300.000 Y=2300.000 Z=200.000) RuntimeGrid:None EditorOnly:0 RuntimeOnly:0 HLODRelevant:1 FolderPath:Block01 FolderGuid:7D23E5AE4C2A421F86AF6986D87E6D05
 |   |   |- Guid:9EEBE92B444BBD935F2500B4F1F65471 BaseClass: NativeClass:/Script/Engine.StaticMeshActor Name:StaticMeshActor_6 Label:SM_Cube3 SpatiallyLoaded:1 Bounds:IsValid=true, Min=(X=0.000 Y=3400.000 Z=0.000), Max=(X=3000.000 Y=3500.000 Z=400.000) RuntimeGrid:None EditorOnly:0 RuntimeOnly:0 HLODRelevant:1 FolderPath:Playground FolderGuid:C73F09FC4215536B1DCE2A9E0A830C70
 |   |   |- Guid:A535BB1A41930576B32ABDAFE22473DB BaseClass: NativeClass:/Script/Engine.StaticMeshActor Name:StaticMeshActor_UAID_04D4C404EDD2F3D201_1619166688 Label:SM_Cube17 SpatiallyLoaded:1 Bounds:IsValid=true, Min=(X=422.603 Y=2942.643 Z=0.000), Max=(X=828.868 Y=2956.442 Z=313.799) RuntimeGrid:None EditorOnly:0 RuntimeOnly:0 HLODRelevant:1 FolderPath:Playground FolderGuid:C73F09FC4215536B1DCE2A9E0A830C70
 |   |   |- Guid:A8C38EAD48B9EA9F5A38838736E489B2 BaseClass: NativeClass:/Script/Engine.TargetPoint Name:TargetPoint_UAID_04D4C401432E16D101_1466497736 Label:TargetPoint4 SpatiallyLoaded:1 Bounds:IsValid=true, Min=(X=750.000 Y=-940.000 Z=0.000), Max=(X=750.000 Y=-940.000 Z=0.000) RuntimeGrid:None EditorOnly:0 RuntimeOnly:0 HLODRelevant:0
 |   |   |- Guid:AA18E9004369CD3CFB67EE9094C4D562 BaseClass:/Game/ChrisStuff/SpawnPoint.SpawnPoint_C NativeClass:/Script/Engine.Actor Name:SpawnPoint_C_UAID_04D4C401432E33CF01_1907271729 Label:SpawnPoint SpatiallyLoaded:1 Bounds:IsValid=true, Min=(X=1176.000 Y=1136.000 Z=-0.000), Max=(X=1384.000 Y=1344.000 Z=80.000) RuntimeGrid:None EditorOnly:0 RuntimeOnly:0 HLODRelevant:0
 |   |   |- Guid:AE030E9B445E6841F7D24F94CFA212A8 BaseClass: NativeClass:/Script/Engine.StaticMeshActor Name:StaticMeshActor_UAID_04D4C404EDD2F3D201_1619168689 Label:SM_Cube18 SpatiallyLoaded:1 Bounds:IsValid=true, Min=(X=415.367 Y=2487.282 Z=0.000), Max=(X=429.166 Y=2958.359 Z=313.799) RuntimeGrid:None EditorOnly:0 RuntimeOnly:0 HLODRelevant:1 FolderPath:Playground FolderGuid:C73F09FC4215536B1DCE2A9E0A830C70
 |   |   |- Guid:AF5AA0204963F0B4EBD973874EFF38AB BaseClass: NativeClass:/Script/Engine.StaticMeshActor Name:StaticMeshActor_UAID_04D4C404EDD2F3D201_1645699691 Label:SM_Cube20 SpatiallyLoaded:1 Bounds:IsValid=true, Min=(X=422.603 Y=2479.611 Z=-0.000), Max=(X=828.868 Y=2493.410 Z=313.799) RuntimeGrid:None EditorOnly:0 RuntimeOnly:0 HLODRelevant:1 FolderPath:Playground FolderGuid:C73F09FC4215536B1DCE2A9E0A830C70
 |   |   |- Guid:B08198C445D942B2B4B6A1B604A56A4E BaseClass: NativeClass:/Script/Engine.TargetPoint Name:TargetPoint_UAID_04D4C401432E16D101_1464159735 Label:TargetPoint3 SpatiallyLoaded:1 Bounds:IsValid=true, Min=(X=2400.000 Y=-620.000 Z=0.000), Max=(X=2400.000 Y=-620.000 Z=0.000) RuntimeGrid:None EditorOnly:0 RuntimeOnly:0 HLODRelevant:0
 |   |   |- Guid:B0E4CD7B466A5F2274F745A1B8961448 BaseClass: NativeClass:/Script/Engine.StaticMeshActor Name:StaticMeshActor_5 Label:SM_Cube2 SpatiallyLoaded:1 Bounds:IsValid=true, Min=(X=-2410.000 Y=0.000 Z=0.000), Max=(X=590.000 Y=100.000 Z=400.000) RuntimeGrid:None EditorOnly:0 RuntimeOnly:0 HLODRelevant:1 FolderPath:Playground FolderGuid:C73F09FC4215536B1DCE2A9E0A830C70
 |   |   |- Guid:B3627B814B1DB4A836B05CA1AB295A07 BaseClass: NativeClass:/Script/Engine.StaticMeshActor Name:StaticMeshActor_UAID_04D4C404F1EC5CD201_1717867113 Label:SM_Cube12 SpatiallyLoaded:1 Bounds:IsValid=true, Min=(X=2560.000 Y=0.000 Z=0.000), Max=(X=5560.000 Y=100.000 Z=400.000) RuntimeGrid:None EditorOnly:0 RuntimeOnly:0 HLODRelevant:1 FolderPath:Playground FolderGuid:C73F09FC4215536B1DCE2A9E0A830C70
 |   |   |- Guid:B3E9F01A41294D8F2F51B7B5D36823CB BaseClass: NativeClass:/Script/Engine.StaticMeshActor Name:StaticMeshActor_UAID_04D4C404F1EC5CD201_1764329117 Label:SM_Cube16 SpatiallyLoaded:1 Bounds:IsValid=true, Min=(X=1610.000 Y=-3200.000 Z=0.000), Max=(X=1710.000 Y=100.000 Z=400.000) RuntimeGrid:None EditorOnly:0 RuntimeOnly:0 HLODRelevant:1 FolderPath:Playground FolderGuid:C73F09FC4215536B1DCE2A9E0A830C70
 |   |   |- Guid:B88D0DDC4C97F7337CDAECB05B1B012D BaseClass:/Game/ChrisStuff/SpawnPoint.SpawnPoint_C NativeClass:/Script/Engine.Actor Name:SpawnPoint_C_UAID_04D4C404F1EC71D001_1351774701 Label:SpawnPoint4 SpatiallyLoaded:1 Bounds:IsValid=true, Min=(X=1816.000 Y=2036.000 Z=200.000), Max=(X=2024.000 Y=2244.000 Z=280.000) RuntimeGrid:None EditorOnly:0 RuntimeOnly:0 HLODRelevant:0
 |   |   |- Guid:BA68D2A048CB76FB54DF40A10B4A3E76 BaseClass:/Game/ChrisStuff/SpawnPoint.SpawnPoint_C NativeClass:/Script/Engine.Actor Name:SpawnPoint_C_UAID_04D4C401432E17D101_1737399914 Label:SpawnPoint5 SpatiallyLoaded:1 Bounds:IsValid=true, Min=(X=666.000 Y=1966.000 Z=-0.000), Max=(X=874.000 Y=2174.000 Z=80.000) RuntimeGrid:None EditorOnly:0 RuntimeOnly:0 HLODRelevant:0
 |   |   |- Guid:BEC59F8B4F71F800E29A4F8DA72D21A8 BaseClass:/Game/ChrisStuff/SpawnPoint.SpawnPoint_C NativeClass:/Script/Engine.Actor Name:SpawnPoint_C_UAID_04D4C401432E33CF01_1908239730 Label:SpawnPoint2 SpatiallyLoaded:1 Bounds:IsValid=true, Min=(X=596.000 Y=1126.000 Z=-0.000), Max=(X=804.000 Y=1334.000 Z=80.000) RuntimeGrid:None EditorOnly:0 RuntimeOnly:0 HLODRelevant:0
 |   |   |- Guid:C55BC7CE4A4FB67A09507DB86D6DC8A4 BaseClass: NativeClass:/Script/Engine.StaticMeshActor Name:StaticMeshActor_UAID_04D4C404F1EC5CD201_1737948116 Label:SM_Cube15 SpatiallyLoaded:1 Bounds:IsValid=true, Min=(X=2900.000 Y=-3200.000 Z=0.000), Max=(X=3000.000 Y=100.000 Z=400.000) RuntimeGrid:None EditorOnly:0 RuntimeOnly:0 HLODRelevant:1 FolderPath:Playground FolderGuid:C73F09FC4215536B1DCE2A9E0A830C70
 |   |   |- Guid:CA6EF7EC408E805A89017787220B789E BaseClass: NativeClass:/Script/Engine.PlayerStart Name:PlayerStart_0 Label:PlayerStart SpatiallyLoaded:0 Bounds:IsValid=true, Min=(X=860.000 Y=1070.000 Z=0.013), Max=(X=940.000 Y=1150.000 Z=184.013) RuntimeGrid:None EditorOnly:0 RuntimeOnly:0 HLODRelevant:0
 |   |   |- Guid:CEFBD9E041BA1A984FD551841A634BD2 BaseClass: NativeClass:/Script/Engine.StaticMeshActor Name:StaticMeshActor_UAID_04D4C404F1EC5CD201_1694876112 Label:SM_Cube11 SpatiallyLoaded:1 Bounds:IsValid=true, Min=(X=0.000 Y=-3360.000 Z=-50.000), Max=(X=3000.000 Y=140.000 Z=0.000) RuntimeGrid:None EditorOnly:0 RuntimeOnly:0 HLODRelevant:1 FolderPath:Playground FolderGuid:C73F09FC4215536B1DCE2A9E0A830C70
 |   |   |- Guid:D7A4C8424E4ADD3884142699D471AAE2 BaseClass: NativeClass:/Script/Engine.StaticMeshActor Name:StaticMeshActor_UAID_04D4C404F1EC5CD201_1737948115 Label:SM_Cube14 SpatiallyLoaded:1 Bounds:IsValid=true, Min=(X=-0.000 Y=-3200.000 Z=0.000), Max=(X=100.000 Y=100.000 Z=400.000) RuntimeGrid:None EditorOnly:0 RuntimeOnly:0 HLODRelevant:1 FolderPath:Playground FolderGuid:C73F09FC4215536B1DCE2A9E0A830C70
 |   |   |- Guid:D7CC238C43B16F051C187CA06DAC7D60 BaseClass: NativeClass:/Script/Engine.StaticMeshActor Name:StaticMeshActor_UAID_04D4C404F1EC5CD201_1737946114 Label:SM_Cube13 SpatiallyLoaded:1 Bounds:IsValid=true, Min=(X=0.000 Y=-3290.000 Z=0.000), Max=(X=3000.000 Y=-3190.000 Z=400.000) RuntimeGrid:None EditorOnly:0 RuntimeOnly:0 HLODRelevant:1 FolderPath:Playground FolderGuid:C73F09FC4215536B1DCE2A9E0A830C70
 |   |   |- Guid:E77691B74E3CD62C988194B8B06F98BC BaseClass: NativeClass:/Script/Engine.StaticMeshActor Name:StaticMeshActor_13 Label:SM_Cube9 SpatiallyLoaded:1 Bounds:IsValid=true, Min=(X=1800.000 Y=1500.000 Z=0.000), Max=(X=2000.000 Y=2200.000 Z=100.000) RuntimeGrid:None EditorOnly:0 RuntimeOnly:0 HLODRelevant:1 FolderPath:Block01 FolderGuid:7D23E5AE4C2A421F86AF6986D87E6D05
 |   |   |- Guid:EE06ABEA433555F40B6AF5B74C3D0198 BaseClass: NativeClass:/Script/Engine.StaticMeshActor Name:StaticMeshActor_7 Label:SM_Cube7 SpatiallyLoaded:1 Bounds:IsValid=true, Min=(X=1300.000 Y=2200.000 Z=0.000), Max=(X=1500.000 Y=2300.000 Z=200.000) RuntimeGrid:None EditorOnly:0 RuntimeOnly:0 HLODRelevant:1 FolderPath:Block01 FolderGuid:7D23E5AE4C2A421F86AF6986D87E6D05
 |   |- [+] Clusters:
 |   |   |- [+] [  0]
 |   |   |   |- Guid:75387BDA46F97E0F3CF3B48D0DBCDF9B BaseClass: NativeClass:/Script/Engine.StaticMeshActor Name:StaticMeshActor_UAID_04D4C404F1EC5CD201_1678286111 Label:SM_Cube8 SpatiallyLoaded:1 Bounds:IsValid=true, Min=(X=850.000 Y=0.000 Z=0.000), Max=(X=2300.000 Y=100.000 Z=400.000) RuntimeGrid:None EditorOnly:0 RuntimeOnly:0 HLODRelevant:1 FolderPath:Playground FolderGuid:C73F09FC4215536B1DCE2A9E0A830C70
 |   |   |- [+] [  1]
 |   |   |   |- Guid:CA6EF7EC408E805A89017787220B789E BaseClass: NativeClass:/Script/Engine.PlayerStart Name:PlayerStart_0 Label:PlayerStart SpatiallyLoaded:0 Bounds:IsValid=true, Min=(X=860.000 Y=1070.000 Z=0.013), Max=(X=940.000 Y=1150.000 Z=184.013) RuntimeGrid:None EditorOnly:0 RuntimeOnly:0 HLODRelevant:0
 |   |   |- [+] [  2]
 |   |   |   |- Guid:1975268948A64AA0376682815D24D651 BaseClass:/Game/ChrisStuff/SpawnPoint.SpawnPoint_C NativeClass:/Script/Engine.Actor Name:SpawnPoint_C_UAID_04D4C404F1EC71D001_1226147699 Label:SpawnPoint3 SpatiallyLoaded:1 Bounds:IsValid=true, Min=(X=1836.000 Y=1476.000 Z=100.000), Max=(X=2044.000 Y=1684.000 Z=180.000) RuntimeGrid:None EditorOnly:0 RuntimeOnly:0 HLODRelevant:0
 |   |   |- [+] [  3]
 |   |   |   |- Guid:1EF3B7304F6BAEC218510AA4AB04A7AE BaseClass: NativeClass:/Script/Engine.StaticMeshActor Name:StaticMeshActor_9 Label:SM_Ramp2 SpatiallyLoaded:1 Bounds:IsValid=true, Min=(X=1400.000 Y=1500.000 Z=0.000), Max=(X=1800.000 Y=1700.000 Z=100.000) RuntimeGrid:None EditorOnly:0 RuntimeOnly:0 HLODRelevant:1 FolderPath:Block01 FolderGuid:7D23E5AE4C2A421F86AF6986D87E6D05
 |   |   |- [+] [  4]
 |   |   |   |- Guid:A535BB1A41930576B32ABDAFE22473DB BaseClass: NativeClass:/Script/Engine.StaticMeshActor Name:StaticMeshActor_UAID_04D4C404EDD2F3D201_1619166688 Label:SM_Cube17 SpatiallyLoaded:1 Bounds:IsValid=true, Min=(X=422.603 Y=2942.643 Z=0.000), Max=(X=828.868 Y=2956.442 Z=313.799) RuntimeGrid:None EditorOnly:0 RuntimeOnly:0 HLODRelevant:1 FolderPath:Playground FolderGuid:C73F09FC4215536B1DCE2A9E0A830C70
 |   |   |- [+] [  5]
 |   |   |   |- Guid:CEFBD9E041BA1A984FD551841A634BD2 BaseClass: NativeClass:/Script/Engine.StaticMeshActor Name:StaticMeshActor_UAID_04D4C404F1EC5CD201_1694876112 Label:SM_Cube11 SpatiallyLoaded:1 Bounds:IsValid=true, Min=(X=0.000 Y=-3360.000 Z=-50.000), Max=(X=3000.000 Y=140.000 Z=0.000) RuntimeGrid:None EditorOnly:0 RuntimeOnly:0 HLODRelevant:1 FolderPath:Playground FolderGuid:C73F09FC4215536B1DCE2A9E0A830C70
 |   |   |- [+] [  6]
 |   |   |   |- Guid:B88D0DDC4C97F7337CDAECB05B1B012D BaseClass:/Game/ChrisStuff/SpawnPoint.SpawnPoint_C NativeClass:/Script/Engine.Actor Name:SpawnPoint_C_UAID_04D4C404F1EC71D001_1351774701 Label:SpawnPoint4 SpatiallyLoaded:1 Bounds:IsValid=true, Min=(X=1816.000 Y=2036.000 Z=200.000), Max=(X=2024.000 Y=2244.000 Z=280.000) RuntimeGrid:None EditorOnly:0 RuntimeOnly:0 HLODRelevant:0
 |   |   |- [+] [  7]
 |   |   |   |- Guid:9EEBE92B444BBD935F2500B4F1F65471 BaseClass: NativeClass:/Script/Engine.StaticMeshActor Name:StaticMeshActor_6 Label:SM_Cube3 SpatiallyLoaded:1 Bounds:IsValid=true, Min=(X=0.000 Y=3400.000 Z=0.000), Max=(X=3000.000 Y=3500.000 Z=400.000) RuntimeGrid:None EditorOnly:0 RuntimeOnly:0 HLODRelevant:1 FolderPath:Playground FolderGuid:C73F09FC4215536B1DCE2A9E0A830C70
 |   |   |- [+] [  8]
 |   |   |   |- Guid:9DCE93F74BE5D40AC40B47894A11F004 BaseClass: NativeClass:/Script/Engine.StaticMeshActor Name:StaticMeshActor_25 Label:SM_QuarterCylinder6 SpatiallyLoaded:1 Bounds:IsValid=true, Min=(X=1200.000 Y=2200.000 Z=0.000), Max=(X=1300.000 Y=2300.000 Z=200.000) RuntimeGrid:None EditorOnly:0 RuntimeOnly:0 HLODRelevant:1 FolderPath:Block01 FolderGuid:7D23E5AE4C2A421F86AF6986D87E6D05
 |   |   |- [+] [  9]
 |   |   |   |- Guid:AA18E9004369CD3CFB67EE9094C4D562 BaseClass:/Game/ChrisStuff/SpawnPoint.SpawnPoint_C NativeClass:/Script/Engine.Actor Name:SpawnPoint_C_UAID_04D4C401432E33CF01_1907271729 Label:SpawnPoint SpatiallyLoaded:1 Bounds:IsValid=true, Min=(X=1176.000 Y=1136.000 Z=-0.000), Max=(X=1384.000 Y=1344.000 Z=80.000) RuntimeGrid:None EditorOnly:0 RuntimeOnly:0 HLODRelevant:0
 |   |   |- [+] [ 10]
 |   |   |   |- Guid:59CC18DA4FAAB97601BF49B4FC002448 BaseClass: NativeClass:/Script/Engine.TargetPoint Name:TargetPoint_UAID_04D4C404F1EC71D001_1142996698 Label:TargetPoint2 SpatiallyLoaded:1 Bounds:IsValid=true, Min=(X=2407.891 Y=2698.148 Z=-0.000), Max=(X=2407.891 Y=2698.148 Z=-0.000) RuntimeGrid:None EditorOnly:0 RuntimeOnly:0 HLODRelevant:0
 |   |   |- [+] [ 11]
 |   |   |   |- Guid:AF5AA0204963F0B4EBD973874EFF38AB BaseClass: NativeClass:/Script/Engine.StaticMeshActor Name:StaticMeshActor_UAID_04D4C404EDD2F3D201_1645699691 Label:SM_Cube20 SpatiallyLoaded:1 Bounds:IsValid=true, Min=(X=422.603 Y=2479.611 Z=-0.000), Max=(X=828.868 Y=2493.410 Z=313.799) RuntimeGrid:None EditorOnly:0 RuntimeOnly:0 HLODRelevant:1 FolderPath:Playground FolderGuid:C73F09FC4215536B1DCE2A9E0A830C70
 |   |   |- [+] [ 12]
 |   |   |   |- Guid:D7A4C8424E4ADD3884142699D471AAE2 BaseClass: NativeClass:/Script/Engine.StaticMeshActor Name:StaticMeshActor_UAID_04D4C404F1EC5CD201_1737948115 Label:SM_Cube14 SpatiallyLoaded:1 Bounds:IsValid=true, Min=(X=-0.000 Y=-3200.000 Z=0.000), Max=(X=100.000 Y=100.000 Z=400.000) RuntimeGrid:None EditorOnly:0 RuntimeOnly:0 HLODRelevant:1 FolderPath:Playground FolderGuid:C73F09FC4215536B1DCE2A9E0A830C70
 |   |   |- [+] [ 13]
 |   |   |   |- Guid:51ADD0BF40A2A0831BBFB8AE12472132 BaseClass: NativeClass:/Script/Engine.StaticMeshActor Name:StaticMeshActor_11 Label:SM_ChamferCube3 SpatiallyLoaded:1 Bounds:IsValid=true, Min=(X=481.699 Y=2271.699 Z=0.013), Max=(X=618.301 Y=2408.301 Z=100.013) RuntimeGrid:None EditorOnly:0 RuntimeOnly:0 HLODRelevant:0
 |   |   |- [+] [ 14]
 |   |   |   |- Guid:3B3452344BA8A9817F229184E5F3A470 BaseClass: NativeClass:/Script/Engine.WorldDataLayers Name:WorldDataLayers Label:WorldDataLayers SpatiallyLoaded:0 Bounds:IsValid=true, Min=(X=0.000 Y=0.000 Z=0.000), Max=(X=0.000 Y=0.000 Z=0.000) RuntimeGrid:None EditorOnly:0 RuntimeOnly:0 HLODRelevant:0
 |   |   |- [+] [ 15]
 |   |   |   |- Guid:79090EF747A62B6C792C5FB1D2B649CB BaseClass: NativeClass:/Script/Engine.PostProcessVolume Name:PostProcessVolume_0 Label:PostProcessVolume SpatiallyLoaded:0 Bounds:IsValid=true, Min=(X=0.000 Y=0.000 Z=400.000), Max=(X=200.000 Y=200.000 Z=600.000) RuntimeGrid:None EditorOnly:0 RuntimeOnly:0 HLODRelevant:0 FolderPath:Lighting FolderGuid:963EC3EB4002CCE9759E2EBA541A873A
 |   |   |- [+] [ 16]
 |   |   |   |- Guid:554B3D5B4E324079ECFFAAB67C02D52B BaseClass:/Game/ChrisStuff/Barrier.Barrier_C NativeClass:/Script/Engine.Actor Name:Barrier_C_UAID_04D4C404EDD2F3D201_1361201687 Label:Barrier SpatiallyLoaded:1 Bounds:IsValid=true, Min=(X=300.227 Y=2364.585 Z=-132.920), Max=(X=943.765 Y=3008.123 Z=132.920) RuntimeGrid:None EditorOnly:0 RuntimeOnly:0 HLODRelevant:0
 |   |   |- [+] [ 17]
 |   |   |   |- Guid:8E3A714C41E1D2D29360099A4C29FA9B BaseClass: NativeClass:/Script/Engine.StaticMeshActor Name:StaticMeshActor_0 Label:SM_Cube5 SpatiallyLoaded:1 Bounds:IsValid=true, Min=(X=-0.000 Y=100.000 Z=0.000), Max=(X=100.000 Y=3400.000 Z=400.000) RuntimeGrid:None EditorOnly:0 RuntimeOnly:0 HLODRelevant:1 FolderPath:Playground FolderGuid:C73F09FC4215536B1DCE2A9E0A830C70
 |   |   |- [+] [ 18]
 |   |   |   |- Guid:1675E4F1478E70B49A9694A17DFE8041 BaseClass: NativeClass:/Script/Engine.ExponentialHeightFog Name:ExponentialHeightFog_0 Label:ExponentialHeightFog SpatiallyLoaded:0 Bounds:IsValid=true, Min=(X=-5600.000 Y=-50.000 Z=-6850.000), Max=(X=-5600.000 Y=-50.000 Z=-6850.000) RuntimeGrid:None EditorOnly:0 RuntimeOnly:0 HLODRelevant:0 FolderPath:Lighting FolderGuid:963EC3EB4002CCE9759E2EBA541A873A
 |   |   |- [+] [ 19]
 |   |   |   |- Guid:AE030E9B445E6841F7D24F94CFA212A8 BaseClass: NativeClass:/Script/Engine.StaticMeshActor Name:StaticMeshActor_UAID_04D4C404EDD2F3D201_1619168689 Label:SM_Cube18 SpatiallyLoaded:1 Bounds:IsValid=true, Min=(X=415.367 Y=2487.282 Z=0.000), Max=(X=429.166 Y=2958.359 Z=313.799) RuntimeGrid:None EditorOnly:0 RuntimeOnly:0 HLODRelevant:1 FolderPath:Playground FolderGuid:C73F09FC4215536B1DCE2A9E0A830C70
 |   |   |- [+] [ 20]
 |   |   |   |- Guid:1A20114D423FC1B810DEF5BA5A0ED58A BaseClass: NativeClass:/Script/Engine.DirectionalLight Name:DirectionalLight_0 Label:DirectionalLight SpatiallyLoaded:0 Bounds:IsValid=true, Min=(X=-4398046511104.000 Y=-4398046511104.000 Z=-4398046511104.000), Max=(X=4398046511104.000 Y=4398046511104.000 Z=4398046511104.000) RuntimeGrid:None EditorOnly:0 RuntimeOnly:0 HLODRelevant:0 FolderPath:Lighting FolderGuid:963EC3EB4002CCE9759E2EBA541A873A
 |   |   |- [+] [ 21]
 |   |   |   |- Guid:4B257BEA47D077742AC7AC995F43FCDC BaseClass: NativeClass:/Script/Engine.SkyLight Name:SkyLight_1 Label:SkyLight SpatiallyLoaded:0 Bounds:IsValid=true, Min=(X=0.000 Y=0.000 Z=690.000), Max=(X=0.000 Y=0.000 Z=690.000) RuntimeGrid:None EditorOnly:0 RuntimeOnly:0 HLODRelevant:0 FolderPath:Lighting FolderGuid:963EC3EB4002CCE9759E2EBA541A873A
 |   |   |- [+] [ 22]
 |   |   |   |- Guid:8B18E3004BD386DBCD5356BB0C39EBE6 BaseClass: NativeClass:/Script/Engine.SkyAtmosphere Name:SkyAtmosphere_0 Label:SkyAtmosphere SpatiallyLoaded:0 Bounds:IsValid=true, Min=(X=0.000 Y=0.000 Z=1020.000), Max=(X=0.000 Y=0.000 Z=1020.000) RuntimeGrid:None EditorOnly:0 RuntimeOnly:0 HLODRelevant:0 FolderPath:Lighting FolderGuid:963EC3EB4002CCE9759E2EBA541A873A
 |   |   |- [+] [ 23]
 |   |   |   |- Guid:080E349F411121163AD6A4AB005DE87F BaseClass: NativeClass:/Script/Engine.StaticMeshActor Name:StaticMeshActor_21 Label:SM_QuarterCylinder3 SpatiallyLoaded:1 Bounds:IsValid=true, Min=(X=1500.000 Y=2200.000 Z=0.000), Max=(X=1600.000 Y=2300.000 Z=200.000) RuntimeGrid:None EditorOnly:0 RuntimeOnly:0 HLODRelevant:1 FolderPath:Block01 FolderGuid:7D23E5AE4C2A421F86AF6986D87E6D05
 |   |   |- [+] [ 24]
 |   |   |   |- Guid:358F85454DC81EAC4B5040920DB7AD52 BaseClass: NativeClass:/Script/Engine.StaticMeshActor Name:StaticMeshActor_8 Label:SM_Cube4 SpatiallyLoaded:1 Bounds:IsValid=true, Min=(X=1200.000 Y=1700.000 Z=0.000), Max=(X=1800.000 Y=2200.000 Z=200.000) RuntimeGrid:None EditorOnly:0 RuntimeOnly:0 HLODRelevant:1 FolderPath:Block01 FolderGuid:7D23E5AE4C2A421F86AF6986D87E6D05
 |   |   |- [+] [ 25]
 |   |   |   |- Guid:C55BC7CE4A4FB67A09507DB86D6DC8A4 BaseClass: NativeClass:/Script/Engine.StaticMeshActor Name:StaticMeshActor_UAID_04D4C404F1EC5CD201_1737948116 Label:SM_Cube15 SpatiallyLoaded:1 Bounds:IsValid=true, Min=(X=2900.000 Y=-3200.000 Z=0.000), Max=(X=3000.000 Y=100.000 Z=400.000) RuntimeGrid:None EditorOnly:0 RuntimeOnly:0 HLODRelevant:1 FolderPath:Playground FolderGuid:C73F09FC4215536B1DCE2A9E0A830C70
 |   |   |- [+] [ 26]
 |   |   |   |- Guid:1F651A384EDB23BF2A6942BED18771A5 BaseClass: NativeClass:/Script/Engine.TextRenderActor Name:TextRenderActor_1 Label:TextRenderActor SpatiallyLoaded:1 Bounds:IsValid=true, Min=(X=-0.100 Y=1100.000 Z=65.013), Max=(X=-0.100 Y=2392.308 Z=215.013) RuntimeGrid:None EditorOnly:0 RuntimeOnly:0 HLODRelevant:0
 |   |   |- [+] [ 27]
 |   |   |   |- Guid:B3627B814B1DB4A836B05CA1AB295A07 BaseClass: NativeClass:/Script/Engine.StaticMeshActor Name:StaticMeshActor_UAID_04D4C404F1EC5CD201_1717867113 Label:SM_Cube12 SpatiallyLoaded:1 Bounds:IsValid=true, Min=(X=2560.000 Y=0.000 Z=0.000), Max=(X=5560.000 Y=100.000 Z=400.000) RuntimeGrid:None EditorOnly:0 RuntimeOnly:0 HLODRelevant:1 FolderPath:Playground FolderGuid:C73F09FC4215536B1DCE2A9E0A830C70
 |   |   |- [+] [ 28]
 |   |   |   |- Guid:BEC59F8B4F71F800E29A4F8DA72D21A8 BaseClass:/Game/ChrisStuff/SpawnPoint.SpawnPoint_C NativeClass:/Script/Engine.Actor Name:SpawnPoint_C_UAID_04D4C401432E33CF01_1908239730 Label:SpawnPoint2 SpatiallyLoaded:1 Bounds:IsValid=true, Min=(X=596.000 Y=1126.000 Z=-0.000), Max=(X=804.000 Y=1334.000 Z=80.000) RuntimeGrid:None EditorOnly:0 RuntimeOnly:0 HLODRelevant:0
 |   |   |- [+] [ 29]
 |   |   |   |- Guid:312123EA4E01C46B55DCCFB3DEB4E069 BaseClass: NativeClass:/Script/Engine.StaticMeshActor Name:StaticMeshActor_UAID_04D4C404EDD2F3D201_1619169690 Label:SM_Cube19 SpatiallyLoaded:1 Bounds:IsValid=true, Min=(X=815.532 Y=2487.282 Z=0.000), Max=(X=829.331 Y=2958.359 Z=313.799) RuntimeGrid:None EditorOnly:0 RuntimeOnly:0 HLODRelevant:1 FolderPath:Playground FolderGuid:C73F09FC4215536B1DCE2A9E0A830C70
 |   |   |- [+] [ 30]
 |   |   |   |- Guid:17D966D44C6D50CEFDED36984045653C BaseClass: NativeClass:/Script/NavigationSystem.NavMeshBoundsVolume Name:NavMeshBoundsVolume_UAID_08BFB875508094CF01_1976603800 Label:NavMeshBoundsVolume SpatiallyLoaded:0 Bounds:IsValid=true, Min=(X=-70.000 Y=-1435.000 Z=-750.000), Max=(X=4130.000 Y=5215.000 Z=750.000) RuntimeGrid:None EditorOnly:0 RuntimeOnly:0 HLODRelevant:0
 |   |   |- [+] [ 31]
 |   |   |   |- Guid:84A97F894C30BE28B6F9B7AFA17B55A9 BaseClass:/Game/ChrisStuff/AI/SpawnManager.SpawnManager_C NativeClass:/Script/Engine.Actor Name:SpawnManager_C_UAID_04D4C401432E16D101_1471925737 Label:SpawnManager SpatiallyLoaded:1 Bounds:IsValid=true, Min=(X=2210.000 Y=700.000 Z=100.000), Max=(X=2210.000 Y=700.000 Z=100.000) RuntimeGrid:None EditorOnly:0 RuntimeOnly:0 HLODRelevant:0
 |   |   |   |- Guid:B08198C445D942B2B4B6A1B604A56A4E BaseClass: NativeClass:/Script/Engine.TargetPoint Name:TargetPoint_UAID_04D4C401432E16D101_1464159735 Label:TargetPoint3 SpatiallyLoaded:1 Bounds:IsValid=true, Min=(X=2400.000 Y=-620.000 Z=0.000), Max=(X=2400.000 Y=-620.000 Z=0.000) RuntimeGrid:None EditorOnly:0 RuntimeOnly:0 HLODRelevant:0
 |   |   |   |- Guid:A8C38EAD48B9EA9F5A38838736E489B2 BaseClass: NativeClass:/Script/Engine.TargetPoint Name:TargetPoint_UAID_04D4C401432E16D101_1466497736 Label:TargetPoint4 SpatiallyLoaded:1 Bounds:IsValid=true, Min=(X=750.000 Y=-940.000 Z=0.000), Max=(X=750.000 Y=-940.000 Z=0.000) RuntimeGrid:None EditorOnly:0 RuntimeOnly:0 HLODRelevant:0
 |   |   |   |- Guid:8F54D70C4EDBCA246539DA963035D359 BaseClass: NativeClass:/Script/Engine.TargetPoint Name:TargetPoint_UAID_04D4C404F1EC6CD001_1819533815 Label:TargetPoint SpatiallyLoaded:1 Bounds:IsValid=true, Min=(X=614.572 Y=2690.042 Z=0.000), Max=(X=614.572 Y=2690.042 Z=0.000) RuntimeGrid:None EditorOnly:0 RuntimeOnly:0 HLODRelevant:0
 |   |   |- [+] [ 32]
 |   |   |   |- Guid:5A92C330491D26DB0CFA7F89E280125D BaseClass: NativeClass:/Script/Engine.StaticMeshActor Name:StaticMeshActor_UAID_A4AE111137DC5EFB00_1110535423 Label:SM_SkySphere SpatiallyLoaded:0 Bounds:IsValid=true, Min=(X=-1638400.000 Y=-1638400.000 Z=-1638400.000), Max=(X=1638400.000 Y=1638400.000 Z=1638400.000) RuntimeGrid:None EditorOnly:0 RuntimeOnly:0 HLODRelevant:1 FolderPath:Lighting FolderGuid:963EC3EB4002CCE9759E2EBA541A873A
 |   |   |- [+] [ 33]
 |   |   |   |- Guid:B3E9F01A41294D8F2F51B7B5D36823CB BaseClass: NativeClass:/Script/Engine.StaticMeshActor Name:StaticMeshActor_UAID_04D4C404F1EC5CD201_1764329117 Label:SM_Cube16 SpatiallyLoaded:1 Bounds:IsValid=true, Min=(X=1610.000 Y=-3200.000 Z=0.000), Max=(X=1710.000 Y=100.000 Z=400.000) RuntimeGrid:None EditorOnly:0 RuntimeOnly:0 HLODRelevant:1 FolderPath:Playground FolderGuid:C73F09FC4215536B1DCE2A9E0A830C70
 |   |   |- [+] [ 34]
 |   |   |   |- Guid:4C2D0EBD4F3834E34E34C99CCF860D02 BaseClass: NativeClass:/Script/Engine.StaticMeshActor Name:StaticMeshActor_1 Label:SM_Cube SpatiallyLoaded:1 Bounds:IsValid=true, Min=(X=0.000 Y=0.000 Z=-50.000), Max=(X=3000.000 Y=3500.000 Z=0.000) RuntimeGrid:None EditorOnly:0 RuntimeOnly:0 HLODRelevant:1 FolderPath:Playground FolderGuid:C73F09FC4215536B1DCE2A9E0A830C70
 |   |   |- [+] [ 35]
 |   |   |   |- Guid:13917E6D4FF59C8FD80E79A35196C052 BaseClass: NativeClass:/Script/Engine.StaticMeshActor Name:StaticMeshActor_15 Label:SM_Cube10 SpatiallyLoaded:1 Bounds:IsValid=true, Min=(X=1800.000 Y=2100.000 Z=100.000), Max=(X=2000.000 Y=2200.000 Z=200.000) RuntimeGrid:None EditorOnly:0 RuntimeOnly:0 HLODRelevant:1 FolderPath:Block01 FolderGuid:7D23E5AE4C2A421F86AF6986D87E6D05
 |   |   |- [+] [ 36]
 |   |   |   |- Guid:B0E4CD7B466A5F2274F745A1B8961448 BaseClass: NativeClass:/Script/Engine.StaticMeshActor Name:StaticMeshActor_5 Label:SM_Cube2 SpatiallyLoaded:1 Bounds:IsValid=true, Min=(X=-2410.000 Y=0.000 Z=0.000), Max=(X=590.000 Y=100.000 Z=400.000) RuntimeGrid:None EditorOnly:0 RuntimeOnly:0 HLODRelevant:1 FolderPath:Playground FolderGuid:C73F09FC4215536B1DCE2A9E0A830C70
 |   |   |- [+] [ 37]
 |   |   |   |- Guid:8A28D7E94684D11F6CAC84A141989A73 BaseClass: NativeClass:/Script/Engine.VolumetricCloud Name:VolumetricCloud_0 Label:VolumetricCloud SpatiallyLoaded:0 Bounds:IsValid=true, Min=(X=0.000 Y=0.000 Z=820.000), Max=(X=0.000 Y=0.000 Z=820.000) RuntimeGrid:None EditorOnly:0 RuntimeOnly:0 HLODRelevant:0 FolderPath:Lighting FolderGuid:963EC3EB4002CCE9759E2EBA541A873A
 |   |   |- [+] [ 38]
 |   |   |   |- Guid:0F201A094C551170EE3906942EEC4257 BaseClass: NativeClass:/Script/Engine.StaticMeshActor Name:StaticMeshActor_4 Label:SM_Cube6 SpatiallyLoaded:1 Bounds:IsValid=true, Min=(X=2900.000 Y=100.000 Z=0.000), Max=(X=3000.000 Y=3400.000 Z=400.000) RuntimeGrid:None EditorOnly:0 RuntimeOnly:0 HLODRelevant:1 FolderPath:Playground FolderGuid:C73F09FC4215536B1DCE2A9E0A830C70
 |   |   |- [+] [ 39]
 |   |   |   |- Guid:D7CC238C43B16F051C187CA06DAC7D60 BaseClass: NativeClass:/Script/Engine.StaticMeshActor Name:StaticMeshActor_UAID_04D4C404F1EC5CD201_1737946114 Label:SM_Cube13 SpatiallyLoaded:1 Bounds:IsValid=true, Min=(X=0.000 Y=-3290.000 Z=0.000), Max=(X=3000.000 Y=-3190.000 Z=400.000) RuntimeGrid:None EditorOnly:0 RuntimeOnly:0 HLODRelevant:1 FolderPath:Playground FolderGuid:C73F09FC4215536B1DCE2A9E0A830C70
 |   |   |- [+] [ 40]
 |   |   |   |- Guid:E77691B74E3CD62C988194B8B06F98BC BaseClass: NativeClass:/Script/Engine.StaticMeshActor Name:StaticMeshActor_13 Label:SM_Cube9 SpatiallyLoaded:1 Bounds:IsValid=true, Min=(X=1800.000 Y=1500.000 Z=0.000), Max=(X=2000.000 Y=2200.000 Z=100.000) RuntimeGrid:None EditorOnly:0 RuntimeOnly:0 HLODRelevant:1 FolderPath:Block01 FolderGuid:7D23E5AE4C2A421F86AF6986D87E6D05
 |   |   |- [+] [ 41]
 |   |   |   |- Guid:EE06ABEA433555F40B6AF5B74C3D0198 BaseClass: NativeClass:/Script/Engine.StaticMeshActor Name:StaticMeshActor_7 Label:SM_Cube7 SpatiallyLoaded:1 Bounds:IsValid=true, Min=(X=1300.000 Y=2200.000 Z=0.000), Max=(X=1500.000 Y=2300.000 Z=200.000) RuntimeGrid:None EditorOnly:0 RuntimeOnly:0 HLODRelevant:1 FolderPath:Block01 FolderGuid:7D23E5AE4C2A421F86AF6986D87E6D05
 |   |   |- [+] [ 42]
 |   |   |   |- Guid:8580F9BE4F71846A9D7D7C92D72865A2 BaseClass: NativeClass:/Script/NavigationSystem.RecastNavMesh Name:RecastNavMesh_UAID_08BFB875508094CF01-Default Label:RecastNavMesh-Default SpatiallyLoaded:0 Bounds:IsValid=true, Min=(X=0.000 Y=0.000 Z=0.000), Max=(X=0.000 Y=0.000 Z=0.000) RuntimeGrid:None EditorOnly:0 RuntimeOnly:0 HLODRelevant:0
 |   |   |- [+] [ 43]
 |   |   |   |- Guid:9C12180E45E5D16EC5D1A19377E0550D BaseClass: NativeClass:/Script/Engine.StaticMeshActor Name:StaticMeshActor_10 Label:SM_ChamferCube2 SpatiallyLoaded:1 Bounds:IsValid=true, Min=(X=992.077 Y=2692.077 Z=0.013), Max=(X=1107.923 Y=2807.923 Z=100.013) RuntimeGrid:None EditorOnly:0 RuntimeOnly:0 HLODRelevant:0
 |   |   |- [+] [ 44]
 |   |   |   |- Guid:56D94CFD4D219723955BAB99FF04AFF0 BaseClass: NativeClass:/Script/Engine.StaticMeshActor Name:StaticMeshActor_14 Label:SM_Ramp3 SpatiallyLoaded:1 Bounds:IsValid=true, Min=(X=1800.000 Y=1700.000 Z=100.000), Max=(X=2000.000 Y=2100.000 Z=200.000) RuntimeGrid:None EditorOnly:0 RuntimeOnly:0 HLODRelevant:1 FolderPath:Block01 FolderGuid:7D23E5AE4C2A421F86AF6986D87E6D05
 |   |   |- [+] [ 45]
 |   |   |   |- Guid:3931D83E4D7ED4F6263426948476FF4D BaseClass: NativeClass:/Script/Engine.StaticMeshActor Name:StaticMeshActor_2 Label:SM_ChamferCube SpatiallyLoaded:1 Bounds:IsValid=true, Min=(X=1100.000 Y=3170.000 Z=0.013), Max=(X=1200.000 Y=3270.000 Z=100.013) RuntimeGrid:None EditorOnly:0 RuntimeOnly:0 HLODRelevant:0
 |   |   |- [+] [ 46]
 |   |   |   |- Guid:BA68D2A048CB76FB54DF40A10B4A3E76 BaseClass:/Game/ChrisStuff/SpawnPoint.SpawnPoint_C NativeClass:/Script/Engine.Actor Name:SpawnPoint_C_UAID_04D4C401432E17D101_1737399914 Label:SpawnPoint5 SpatiallyLoaded:1 Bounds:IsValid=true, Min=(X=666.000 Y=1966.000 Z=-0.000), Max=(X=874.000 Y=2174.000 Z=80.000) RuntimeGrid:None EditorOnly:0 RuntimeOnly:0 HLODRelevant:0
 |- ContainerInstances:
 |- [+] MainContainer:
 |   |-        ID: 0x0000000000000000
 |   |-    Bounds: IsValid=false, Min=(X=0.000 Y=0.000 Z=0.000), Max=(X=0.000 Y=0.000 Z=0.000)
 |   |- Transform: 0.000000,0.000000,0.000000|0.000000,0.000000,-0.000000|1.000000,1.000000,1.000000
 |   |- Container: /Game/ChrisStuff/TestMap/TestMap
----------------------------------------------------------------------------------------------------------------
TestMap - Persistent Level
----------------------------------------------------------------------------------------------------------------
Always loaded Actor Count: 58 

----------------------------------------------------------------------------------------------------------------
TestMap - Runtime Spatial Hash - Streaming Grid - MainGrid
----------------------------------------------------------------------------------------------------------------
            Origin: X=0.000 Y=0.000 Z=0.000
         Cell Size: 12800
      World Bounds: IsValid=false, Min=(X=0.000 Y=0.000 Z=0.000), Max=(X=0.000 Y=0.000 Z=0.000)
     Loading Range: 25600.00
Block Slow Loading: No
 ClientOnlyVisible: No

[+] Grid Levels: 1
 |- Level  0: Cell Count    0 | Cell Size   12800 | Actor Count    0 (0.0%)

[+] Content of Grid Level 0

